<?xml version="1.0" encoding="utf-8" standalone="no"?>
<!--This file represents the results of running a test suite-->
<test-results name="C:\Users\user\Documents\Visual Studio 2010\Projects\ConsoleApplication1\ConsoleApplication1\bin\Debug\MyLibrary.dll" total="1" errors="0" failures="0" not-run="0" inconclusive="0" ignored="0" skipped="0" invalid="0" date="2012-05-11" time="20:14:11">
  <environment nunit-version="2.5.10.11092" clr-version="2.0.50727.5448" os-version="Microsoft Windows NT 6.1.7601 Service Pack 1" platform="Win32NT" cwd="C:\Program Files (x86)\NUnit 2.5.10\bin\net-2.0" machine-name="USER-PC" user="user" user-domain="user-PC" />
  <culture-info current-culture="en-US" current-uiculture="en-US" />
  <test-suite type="Assembly" name="C:\Users\user\Documents\Visual Studio 2010\Projects\ConsoleApplication1\ConsoleApplication1\bin\Debug\MyLibrary.dll" executed="True" result="Success" success="True" time="0.003" asserts="0">
    <results>
      <test-suite type="Namespace" name="MyLibrary" executed="True" result="Success" success="True" time="0.002" asserts="0">
        <results>
          <test-suite type="TestFixture" name="FactorialTest" executed="True" result="Success" success="True" time="0.002" asserts="0">
            <results>
              <test-case name="MyLibrary.FactorialTest.TestFactorial" executed="True" result="Success" success="True" time="0.000" asserts="4" />
            </results>
          </test-suite>
        </results>
      </test-suite>
    </results>
  </test-suite>
</test-results>