<?xml version="1.0" encoding="UTF-8"?>
<TestRun id="8fa944c2-997c-43ce-b22a-596ee840473b" name="Mohamed@MOHAMED 2012-05-11 13:56:07" runUser="MOHAMED\Mohamed" xmlns="http://microsoft.com/schemas/VisualStudio/TeamTest/2010">
  <TestSettings name="Local" id="c52ac5aa-f707-46a9-8652-b2151f13af2b">
    <Description>These are default test settings for a local test run.</Description>
    <Deployment enabled="false" runDeploymentRoot="Mohamed_MOHAMED 2012-05-11 13_56_07">
      <DeploymentItem filename="c:\users\mohamed\documents\visual studio 2010\Projects\TestingCS\TestingCS\bin\Debug\TestingCS.exe" />
    </Deployment>
    <Execution>
      <TestTypeSpecific />
      <AgentRule name="Execution Agents">
      </AgentRule>
    </Execution>
  </TestSettings>
  <Times creation="2012-05-11T13:56:07.4483086+02:00" queuing="2012-05-11T13:56:07.4593093+02:00" start="2012-05-11T13:56:07.4773108+02:00" finish="2012-05-11T13:56:11.6665498+02:00" />
  <ResultSummary outcome="Completed">
    <Counters total="2" executed="2" passed="2" error="0" failed="0" timeout="0" aborted="0" inconclusive="0" passedButRunAborted="0" notRunnable="0" notExecuted="0" disconnected="0" warning="0" completed="0" inProgress="0" pending="0" />
  </ResultSummary>
  <TestDefinitions>
    <UnitTest name="TestMethodFib" storage="c:\users\mohamed\documents\visual studio 2010\projects\testingcs\test_testingcs\bin\debug\test_testingcs.dll" id="9c573486-f987-c21a-deca-d993e64ca37e">
      <Execution id="46e2199a-668f-44b5-81bf-68e88b8008b2" />
      <TestMethod codeBase="c:/users/mohamed/documents/visual studio 2010/Projects/TestingCS/Test_TestingCs/bin/Debug/Test_TestingCs.DLL" adapterTypeName="Microsoft.VisualStudio.TestTools.TestTypes.Unit.UnitTestAdapter, Microsoft.VisualStudio.QualityTools.Tips.UnitTest.Adapter, Version=10.0.0.0, Culture=neutral, PublicKeyToken=b03f5f7f11d50a3a" className="Test_TestingCs.TestFib, Test_TestingCs, Version=1.0.0.0, Culture=neutral, PublicKeyToken=null" name="TestMethodFib" />
    </UnitTest>
    <UnitTest name="TestMethodFibDP" storage="c:\users\mohamed\documents\visual studio 2010\projects\testingcs\test_testingcs\bin\debug\test_testingcs.dll" id="f4372c0f-a1d7-862f-477e-8ce0148b152f">
      <Execution id="416ac727-7b2c-43f3-b7e1-e1bda9e724c6" />
      <TestMethod codeBase="c:/users/mohamed/documents/visual studio 2010/Projects/TestingCS/Test_TestingCs/bin/Debug/Test_TestingCs.DLL" adapterTypeName="Microsoft.VisualStudio.TestTools.TestTypes.Unit.UnitTestAdapter, Microsoft.VisualStudio.QualityTools.Tips.UnitTest.Adapter, Version=10.0.0.0, Culture=neutral, PublicKeyToken=b03f5f7f11d50a3a" className="Test_TestingCs.TestFib, Test_TestingCs, Version=1.0.0.0, Culture=neutral, PublicKeyToken=null" name="TestMethodFibDP" />
    </UnitTest>
  </TestDefinitions>
  <TestLists>
    <TestList name="Results Not in a List" id="8c84fa94-04c1-424b-9868-57a2d4851a1d" />
    <TestList name="All Loaded Results" id="19431567-8539-422a-85d7-44ee4e166bda" />
  </TestLists>
  <TestEntries>
    <TestEntry testId="9c573486-f987-c21a-deca-d993e64ca37e" executionId="46e2199a-668f-44b5-81bf-68e88b8008b2" testListId="8c84fa94-04c1-424b-9868-57a2d4851a1d" />
    <TestEntry testId="f4372c0f-a1d7-862f-477e-8ce0148b152f" executionId="416ac727-7b2c-43f3-b7e1-e1bda9e724c6" testListId="8c84fa94-04c1-424b-9868-57a2d4851a1d" />
  </TestEntries>
  <Results>
    <UnitTestResult executionId="46e2199a-668f-44b5-81bf-68e88b8008b2" testId="9c573486-f987-c21a-deca-d993e64ca37e" testName="TestMethodFib" computerName="MOHAMED" duration="00:00:03.9469539" startTime="2012-05-11T13:56:07.4783106+02:00" endTime="2012-05-11T13:56:11.6375502+02:00" testType="13cdc9d9-ddb5-4fa4-a97d-d965ccfc6d4b" outcome="Passed" testListId="8c84fa94-04c1-424b-9868-57a2d4851a1d" relativeResultsDirectory="46e2199a-668f-44b5-81bf-68e88b8008b2">
    </UnitTestResult>
    <UnitTestResult executionId="416ac727-7b2c-43f3-b7e1-e1bda9e724c6" testId="f4372c0f-a1d7-862f-477e-8ce0148b152f" testName="TestMethodFibDP" computerName="MOHAMED" duration="00:00:00.0004704" startTime="2012-05-11T13:56:11.6405482+02:00" endTime="2012-05-11T13:56:11.6455491+02:00" testType="13cdc9d9-ddb5-4fa4-a97d-d965ccfc6d4b" outcome="Passed" testListId="8c84fa94-04c1-424b-9868-57a2d4851a1d" relativeResultsDirectory="416ac727-7b2c-43f3-b7e1-e1bda9e724c6">
    </UnitTestResult>
  </Results>
</TestRun>