<?xml version="1.0" encoding="UTF-8"?>
<TestRun id="97f35105-4571-4e10-83d8-9e00e7b467ab" name="Mohamed@MOHAMED 2012-05-11 14:58:30" runUser="MOHAMED\Mohamed" xmlns="http://microsoft.com/schemas/VisualStudio/TeamTest/2010">
  <TestSettings name="Local" id="c52ac5aa-f707-46a9-8652-b2151f13af2b">
    <Description>These are default test settings for a local test run.</Description>
    <Deployment enabled="false" runDeploymentRoot="Mohamed_MOHAMED 2012-05-11 14_58_30">
      <DeploymentItem filename="C:\Users\Mohamed\Documents\Visual Studio 2010\Projects\TestingCS\TestingCS\bin\Debug\TestingCS.exe" />
    </Deployment>
    <Execution>
      <TestTypeSpecific />
      <AgentRule name="Execution Agents">
      </AgentRule>
    </Execution>
  </TestSettings>
  <Times creation="2012-05-11T14:58:30.1311265+02:00" queuing="2012-05-11T14:58:30.1401274+02:00" start="2012-05-11T14:58:30.1461277+02:00" finish="2012-05-11T14:58:30.4101428+02:00" />
  <ResultSummary outcome="Failed">
    <Counters total="2" executed="2" error="0" failed="2" timeout="0" aborted="0" inconclusive="0" passedButRunAborted="0" notRunnable="0" notExecuted="0" disconnected="0" warning="0" passed="0" completed="0" inProgress="0" pending="0" />
  </ResultSummary>
  <TestDefinitions>
    <UnitTest name="TestMethodFib" storage="c:\users\mohamed\documents\visual studio 2010\projects\testingcs\test_testingcs\bin\debug\test_testingcs.dll" id="9c573486-f987-c21a-deca-d993e64ca37e">
      <Execution id="303d6eb3-c1f7-4585-be12-40a7f36483cd" />
      <TestMethod codeBase="C:/Users/Mohamed/documents/visual studio 2010/Projects/TestingCS/Test_TestingCs/bin/Debug/Test_TestingCs.DLL" adapterTypeName="Microsoft.VisualStudio.TestTools.TestTypes.Unit.UnitTestAdapter, Microsoft.VisualStudio.QualityTools.Tips.UnitTest.Adapter, Version=10.0.0.0, Culture=neutral, PublicKeyToken=b03f5f7f11d50a3a" className="Test_TestingCs.TestFib, Test_TestingCs, Version=1.0.0.0, Culture=neutral, PublicKeyToken=null" name="TestMethodFib" />
    </UnitTest>
    <UnitTest name="TestMethodFibDP" storage="c:\users\mohamed\documents\visual studio 2010\projects\testingcs\test_testingcs\bin\debug\test_testingcs.dll" id="f4372c0f-a1d7-862f-477e-8ce0148b152f">
      <Execution id="2b12a07b-2c1f-4848-b5c7-1a1076d38f74" />
      <TestMethod codeBase="C:/Users/Mohamed/documents/visual studio 2010/Projects/TestingCS/Test_TestingCs/bin/Debug/Test_TestingCs.DLL" adapterTypeName="Microsoft.VisualStudio.TestTools.TestTypes.Unit.UnitTestAdapter, Microsoft.VisualStudio.QualityTools.Tips.UnitTest.Adapter, Version=10.0.0.0, Culture=neutral, PublicKeyToken=b03f5f7f11d50a3a" className="Test_TestingCs.TestFib, Test_TestingCs, Version=1.0.0.0, Culture=neutral, PublicKeyToken=null" name="TestMethodFibDP" />
    </UnitTest>
  </TestDefinitions>
  <TestLists>
    <TestList name="Results Not in a List" id="8c84fa94-04c1-424b-9868-57a2d4851a1d" />
    <TestList name="All Loaded Results" id="19431567-8539-422a-85d7-44ee4e166bda" />
  </TestLists>
  <TestEntries>
    <TestEntry testId="9c573486-f987-c21a-deca-d993e64ca37e" executionId="303d6eb3-c1f7-4585-be12-40a7f36483cd" testListId="8c84fa94-04c1-424b-9868-57a2d4851a1d" />
    <TestEntry testId="f4372c0f-a1d7-862f-477e-8ce0148b152f" executionId="2b12a07b-2c1f-4848-b5c7-1a1076d38f74" testListId="8c84fa94-04c1-424b-9868-57a2d4851a1d" />
  </TestEntries>
  <Results>
    <UnitTestResult executionId="303d6eb3-c1f7-4585-be12-40a7f36483cd" testId="9c573486-f987-c21a-deca-d993e64ca37e" testName="TestMethodFib" computerName="MOHAMED" duration="00:00:00.0436420" startTime="2012-05-11T14:58:30.1561276+02:00" endTime="2012-05-11T14:58:30.3741402+02:00" testType="13cdc9d9-ddb5-4fa4-a97d-d965ccfc6d4b" outcome="Failed" testListId="8c84fa94-04c1-424b-9868-57a2d4851a1d" relativeResultsDirectory="303d6eb3-c1f7-4585-be12-40a7f36483cd">
      <Output>
        <ErrorInfo>
          <Message>Assert.AreEqual failed. Expected:&lt;2&gt;. Actual:&lt;1&gt;. </Message>
          <StackTrace>   at Test_TestingCs.TestFib.TestMethodFib() in C:\Users\Mohamed\documents\visual studio 2010\Projects\TestingCS\Test_TestingCs\TestFib.cs:line 73
</StackTrace>
        </ErrorInfo>
      </Output>
    </UnitTestResult>
    <UnitTestResult executionId="2b12a07b-2c1f-4848-b5c7-1a1076d38f74" testId="f4372c0f-a1d7-862f-477e-8ce0148b152f" testName="TestMethodFibDP" computerName="MOHAMED" duration="00:00:00.0017676" startTime="2012-05-11T14:58:30.3871415+02:00" endTime="2012-05-11T14:58:30.3941419+02:00" testType="13cdc9d9-ddb5-4fa4-a97d-d965ccfc6d4b" outcome="Failed" testListId="8c84fa94-04c1-424b-9868-57a2d4851a1d" relativeResultsDirectory="2b12a07b-2c1f-4848-b5c7-1a1076d38f74">
      <Output>
        <ErrorInfo>
          <Message>Assert.AreEqual failed. Expected:&lt;2&gt;. Actual:&lt;1&gt;. </Message>
          <StackTrace>   at Test_TestingCs.TestFib.TestMethodFibDP() in C:\Users\Mohamed\documents\visual studio 2010\Projects\TestingCS\Test_TestingCs\TestFib.cs:line 82
</StackTrace>
        </ErrorInfo>
      </Output>
    </UnitTestResult>
  </Results>
</TestRun>