<?xml version="1.0" encoding="utf-8" standalone="no"?>
<!--This file represents the results of running a test suite-->
<test-results name="C:\Users\Ahmed\Desktop\UnitTestsTutorial\UnitTestsTutorial\bin\Debug\UnitTestsTutorial.dll" total="1" errors="0" failures="1" not-run="0" inconclusive="0" ignored="0" skipped="0" invalid="0" date="2012-05-10" time="12:42:22">
  <environment nunit-version="2.5.10.11092" clr-version="2.0.50727.4927" os-version="Microsoft Windows NT 6.1.7600.0" platform="Win32NT" cwd="C:\Program Files (x86)\NUnit 2.5.10\bin\net-2.0" machine-name="AHMED-PC" user="Ahmed" user-domain="Ahmed-PC" />
  <culture-info current-culture="en-US" current-uiculture="en-US" />
  <test-suite type="Assembly" name="C:\Users\Ahmed\Desktop\UnitTestsTutorial\UnitTestsTutorial\bin\Debug\UnitTestsTutorial.dll" executed="True" result="Failure" success="False" time="0.005" asserts="0">
    <results>
      <test-suite type="Namespace" name="UnitTestsTutorial" executed="True" result="Failure" success="False" time="0.004" asserts="0">
        <results>
          <test-suite type="TestFixture" name="TestClass" executed="True" result="Failure" success="False" time="0.003" asserts="0">
            <results>
              <test-case name="UnitTestsTutorial.TestClass.Test1" executed="True" result="Failure" success="False" time="0.002" asserts="1">
                <failure>
                  <message><![CDATA[  Expected: 120
  But was:  720
]]></message>
                  <stack-trace><![CDATA[at UnitTestsTutorial.TestClass.Test1() in C:\Users\Ahmed\Desktop\UnitTestsTutorial\UnitTestsTutorial\TestClass.cs:line 32
]]></stack-trace>
                </failure>
              </test-case>
            </results>
          </test-suite>
        </results>
      </test-suite>
    </results>
  </test-suite>
</test-results>