<?xml version="1.0" encoding="utf-8" standalone="no"?>
<!--This file represents the results of running a test suite-->
<test-results name="C:\Users\Cena\Documents\Visual Studio 2010\Projects\ClassLibrary1\ClassLibrary1\bin\Debug\ClassLibrary1.dll" total="1" errors="0" failures="0" not-run="0" inconclusive="0" ignored="0" skipped="0" invalid="0" date="2012-05-11" time="22:57:52">
  <environment nunit-version="2.5.10.11092" clr-version="2.0.50727.4963" os-version="Microsoft Windows NT 6.1.7600.0" platform="Win32NT" cwd="C:\Program Files\NUnit 2.5.10\bin\net-2.0" machine-name="CENA-PC" user="Cena" user-domain="Cena-PC" />
  <culture-info current-culture="en-US" current-uiculture="en-US" />
  <test-suite type="Assembly" name="C:\Users\Cena\Documents\Visual Studio 2010\Projects\ClassLibrary1\ClassLibrary1\bin\Debug\ClassLibrary1.dll" executed="True" result="Success" success="True" time="0.118" asserts="0">
    <results>
      <test-suite type="Namespace" name="ClassLibrary1" executed="True" result="Success" success="True" time="0.083" asserts="0">
        <results>
          <test-suite type="TestFixture" name="Class1" executed="True" result="Success" success="True" time="0.046" asserts="0">
            <results>
              <test-case name="ClassLibrary1.Class1.True" executed="True" result="Success" success="True" time="0.000" asserts="1" />
            </results>
          </test-suite>
        </results>
      </test-suite>
    </results>
  </test-suite>
</test-results>